3.4623 	INFO 	Screen res set as: 1920x1080
3.4631 	INFO 	Loaded monitor calibration from ['2018_09_18 09:28']
4.0231 	EXP 	Created window1 = Window(allowGUI=True, allowStencil=False, args=UNKNOWN, autoLog=True, bitsMode=UNKNOWN, blendMode='avg', color='Gainsboro', colorSpace='named', fullscr=UNKNOWN, gamma=None, kwargs=UNKNOWN, lms=UNKNOWN, monitor=<psychopy.monitors.calibTools.Monitor object at 0x7f90240b80b8>, multiSample=False, name='window1', numSamples=2, pos=None, screen=0, size=array([1920, 1080]), stereo=False, units='pix', useFBO=False, useRetina=False, viewOri=0.0, viewPos=None, viewScale=None, waitBlanking=True, winType='pygame')
4.0232 	INFO 	Detected framerate: 30 frames per sec.
4.0708 	EXP 	Created unnamed ImageStim = ImageStim(__class__=<class 'psychopy.visual.image.ImageStim'>, autoLog=True, color=array([1., 1., 1.]), colorSpace='rgb', contrast=1.0, depth=0, flipHoriz=False, flipVert=False, image='images/clock.png', interpolate=True, mask=None, maskParams=None, name='unnamed ImageStim', opacity=1.0, ori=0.0, pos=array([0., 0.]), size=array([50., 50.]), texRes=128, units='pix', win=Window(...))
4.0949 	INFO 	using sysFont Arial
4.0962 	EXP 	Created unnamed TextStim = TextStim(__class__=<class 'psychopy.visual.text.TextStim'>, alignHoriz='center', alignVert='center', antialias=True, autoLog=True, bold=False, color='black', colorSpace='named', contrast=1.0, depth=0, flipHoriz=False, flipVert=False, font='Arial', fontFiles=[], height=32, italic=False, name='unnamed TextStim', opacity=1.0, ori=0.0, pos=array([-100., -100.]), rgb=array([0., 0., 0.]), text='bylo', units='pix', win=Window(...), wrapWidth=1920)
4.0967 	INFO 	using sysFont Arial
4.0976 	EXP 	Created unnamed TextStim = TextStim(__class__=<class 'psychopy.visual.text.TextStim'>, alignHoriz='center', alignVert='center', antialias=True, autoLog=True, bold=False, color='black', colorSpace='named', contrast=1.0, depth=0, flipHoriz=False, flipVert=False, font='Arial', fontFiles=[], height=32, italic=False, name='unnamed TextStim', opacity=1.0, ori=0.0, pos=array([ 100., -100.]), rgb=array([0., 0., 0.]), text='nie bylo', units='pix', win=Window(...), wrapWidth=1920)
4.0976 	INFO 	Mouse: using default window
4.0988 	INFO 	using sysFont Arial
4.0998 	EXP 	Created unnamed TextStim = TextStim(__class__=<class 'psychopy.visual.text.TextStim'>, alignHoriz='center', alignVert='center', antialias=True, autoLog=True, bold=False, color='black', colorSpace='named', contrast=1.0, depth=0, flipHoriz=False, flipVert=False, font='Arial', fontFiles=[], height=32, italic=False, name='unnamed TextStim', opacity=1.0, ori=0.0, pos=array([0., 0.]), rgb=array([0., 0., 0.]), text='Po treningu', units='pix', win=Window(...), wrapWidth=1920)
4.8266 	INFO 	using sysFont Arial
4.8272 	EXP 	Created unnamed TextStim = TextStim(__class__=<class 'psychopy.visual.text.TextStim'>, alignHoriz='center', alignVert='center', antialias=True, autoLog=True, bold=False, color='black', colorSpace='named', contrast=1.0, depth=0, flipHoriz=False, flipVert=False, font='Arial', fontFiles=[], height=32, italic=False, name='unnamed TextStim', opacity=1.0, ori=0.0, pos=array([  0., 100.]), rgb=array([0., 0., 0.]), text='b', units='pix', win=Window(...), wrapWidth=1920)
4.8281 	EXP 	unnamed TextStim: autoDraw = True
4.8281 	EXP 	unnamed TextStim: autoDraw = True
4.8281 	EXP 	unnamed TextStim: autoDraw = True
6.8295 	EXP 	unnamed TextStim: autoDraw = False
6.8295 	EXP 	unnamed TextStim: autoDraw = False
6.8295 	EXP 	unnamed TextStim: autoDraw = False
2.0692 	INFO 	Screen res set as: 1920x1080
2.0711 	INFO 	Loaded monitor calibration from ['2018_09_18 09:28']
2.5030 	EXP 	Created window1 = Window(allowGUI=True, allowStencil=False, args=UNKNOWN, autoLog=True, bitsMode=UNKNOWN, blendMode='avg', color='Gainsboro', colorSpace='named', fullscr=UNKNOWN, gamma=None, kwargs=UNKNOWN, lms=UNKNOWN, monitor=<psychopy.monitors.calibTools.Monitor object at 0x7f677c02c0b8>, multiSample=False, name='window1', numSamples=2, pos=None, screen=0, size=array([1920, 1080]), stereo=False, units='pix', useFBO=False, useRetina=False, viewOri=0.0, viewPos=None, viewScale=None, waitBlanking=True, winType='pygame')
2.5030 	INFO 	Detected framerate: 30 frames per sec.
2.5771 	EXP 	Created unnamed ImageStim = ImageStim(__class__=<class 'psychopy.visual.image.ImageStim'>, autoLog=True, color=array([1., 1., 1.]), colorSpace='rgb', contrast=1.0, depth=0, flipHoriz=False, flipVert=False, image='images/clock.png', interpolate=True, mask=None, maskParams=None, name='unnamed ImageStim', opacity=1.0, ori=0.0, pos=array([0., 0.]), size=array([50., 50.]), texRes=128, units='pix', win=Window(...))
2.5976 	INFO 	using sysFont Arial
2.5986 	EXP 	Created unnamed TextStim = TextStim(__class__=<class 'psychopy.visual.text.TextStim'>, alignHoriz='center', alignVert='center', antialias=True, autoLog=True, bold=False, color='black', colorSpace='named', contrast=1.0, depth=0, flipHoriz=False, flipVert=False, font='Arial', fontFiles=[], height=32, italic=False, name='unnamed TextStim', opacity=1.0, ori=0.0, pos=array([-100., -100.]), rgb=array([0., 0., 0.]), text='nie bylo', units='pix', win=Window(...), wrapWidth=1920)
2.5989 	INFO 	using sysFont Arial
2.5995 	EXP 	Created unnamed TextStim = TextStim(__class__=<class 'psychopy.visual.text.TextStim'>, alignHoriz='center', alignVert='center', antialias=True, autoLog=True, bold=False, color='black', colorSpace='named', contrast=1.0, depth=0, flipHoriz=False, flipVert=False, font='Arial', fontFiles=[], height=32, italic=False, name='unnamed TextStim', opacity=1.0, ori=0.0, pos=array([ 100., -100.]), rgb=array([0., 0., 0.]), text='bylo', units='pix', win=Window(...), wrapWidth=1920)
2.5995 	INFO 	Mouse: using default window
2.6006 	INFO 	using sysFont Arial
2.6013 	EXP 	Created unnamed TextStim = TextStim(__class__=<class 'psychopy.visual.text.TextStim'>, alignHoriz='center', alignVert='center', antialias=True, autoLog=True, bold=False, color='black', colorSpace='named', contrast=1.0, depth=0, flipHoriz=False, flipVert=False, font='Arial', fontFiles=[], height=32, italic=False, name='unnamed TextStim', opacity=1.0, ori=0.0, pos=array([0., 0.]), rgb=array([0., 0., 0.]), text='Po treningu', units='pix', win=Window(...), wrapWidth=1920)
3.8019 	INFO 	using sysFont Arial
3.8028 	EXP 	Created unnamed TextStim = TextStim(__class__=<class 'psychopy.visual.text.TextStim'>, alignHoriz='center', alignVert='center', antialias=True, autoLog=True, bold=False, color='black', colorSpace='named', contrast=1.0, depth=0, flipHoriz=False, flipVert=False, font='Arial', fontFiles=[], height=32, italic=False, name='unnamed TextStim', opacity=1.0, ori=0.0, pos=array([  0., 100.]), rgb=array([0., 0., 0.]), text='bb', units='pix', win=Window(...), wrapWidth=1920)
3.8037 	EXP 	unnamed TextStim: autoDraw = True
3.8037 	EXP 	unnamed TextStim: autoDraw = True
3.8037 	EXP 	unnamed TextStim: autoDraw = True
8.8050 	EXP 	unnamed TextStim: autoDraw = False
8.8050 	EXP 	unnamed TextStim: autoDraw = False
8.8050 	EXP 	unnamed TextStim: autoDraw = False
9.8066 	INFO 	using sysFont Arial
9.8072 	EXP 	Created unnamed TextStim = TextStim(__class__=<class 'psychopy.visual.text.TextStim'>, alignHoriz='center', alignVert='center', antialias=True, autoLog=True, bold=False, color='black', colorSpace='named', contrast=1.0, depth=0, flipHoriz=False, flipVert=False, font='Arial', fontFiles=[], height=32, italic=False, name='unnamed TextStim', opacity=1.0, ori=0.0, pos=array([  0., 100.]), rgb=array([0., 0., 0.]), text='b', units='pix', win=Window(...), wrapWidth=1920)
9.8087 	EXP 	unnamed TextStim: autoDraw = True
9.8087 	EXP 	unnamed TextStim: autoDraw = True
9.8087 	EXP 	unnamed TextStim: autoDraw = True
14.3219 	CRITICAL 	Experiment finished by user! q pressed.
1.7486 	INFO 	Screen res set as: 1920x1080
1.7494 	INFO 	Loaded monitor calibration from ['2018_09_18 09:28']
2.1661 	EXP 	Created window1 = Window(allowGUI=True, allowStencil=False, args=UNKNOWN, autoLog=True, bitsMode=UNKNOWN, blendMode='avg', color='Gainsboro', colorSpace='named', fullscr=UNKNOWN, gamma=None, kwargs=UNKNOWN, lms=UNKNOWN, monitor=<psychopy.monitors.calibTools.Monitor object at 0x7fb6e81670f0>, multiSample=False, name='window1', numSamples=2, pos=None, screen=0, size=array([1920, 1080]), stereo=False, units='pix', useFBO=False, useRetina=False, viewOri=0.0, viewPos=None, viewScale=None, waitBlanking=True, winType='pygame')
2.1662 	INFO 	Detected framerate: 30 frames per sec.
2.2360 	EXP 	Created unnamed ImageStim = ImageStim(__class__=<class 'psychopy.visual.image.ImageStim'>, autoLog=True, color=array([1., 1., 1.]), colorSpace='rgb', contrast=1.0, depth=0, flipHoriz=False, flipVert=False, image='images/clock.png', interpolate=True, mask=None, maskParams=None, name='unnamed ImageStim', opacity=1.0, ori=0.0, pos=array([0., 0.]), size=array([50., 50.]), texRes=128, units='pix', win=Window(...))
2.2581 	INFO 	using sysFont Arial
2.2589 	EXP 	Created unnamed TextStim = TextStim(__class__=<class 'psychopy.visual.text.TextStim'>, alignHoriz='center', alignVert='center', antialias=True, autoLog=True, bold=False, color='black', colorSpace='named', contrast=1.0, depth=0, flipHoriz=False, flipVert=False, font='Arial', fontFiles=[], height=32, italic=False, name='unnamed TextStim', opacity=1.0, ori=0.0, pos=array([-100., -100.]), rgb=array([0., 0., 0.]), text='bylo', units='pix', win=Window(...), wrapWidth=1920)
2.2593 	INFO 	using sysFont Arial
2.2599 	EXP 	Created unnamed TextStim = TextStim(__class__=<class 'psychopy.visual.text.TextStim'>, alignHoriz='center', alignVert='center', antialias=True, autoLog=True, bold=False, color='black', colorSpace='named', contrast=1.0, depth=0, flipHoriz=False, flipVert=False, font='Arial', fontFiles=[], height=32, italic=False, name='unnamed TextStim', opacity=1.0, ori=0.0, pos=array([ 100., -100.]), rgb=array([0., 0., 0.]), text='nie bylo', units='pix', win=Window(...), wrapWidth=1920)
2.2599 	INFO 	Mouse: using default window
2.2607 	INFO 	using sysFont Arial
2.2614 	EXP 	Created unnamed TextStim = TextStim(__class__=<class 'psychopy.visual.text.TextStim'>, alignHoriz='center', alignVert='center', antialias=True, autoLog=True, bold=False, color='black', colorSpace='named', contrast=1.0, depth=0, flipHoriz=False, flipVert=False, font='Arial', fontFiles=[], height=32, italic=False, name='unnamed TextStim', opacity=1.0, ori=0.0, pos=array([0., 0.]), rgb=array([0., 0., 0.]), text='Po treningu', units='pix', win=Window(...), wrapWidth=1920)
3.2876 	INFO 	using sysFont Arial
3.2881 	EXP 	Created unnamed TextStim = TextStim(__class__=<class 'psychopy.visual.text.TextStim'>, alignHoriz='center', alignVert='center', antialias=True, autoLog=True, bold=False, color='black', colorSpace='named', contrast=1.0, depth=0, flipHoriz=False, flipVert=False, font='Arial', fontFiles=[], height=32, italic=False, name='unnamed TextStim', opacity=1.0, ori=0.0, pos=array([  0., 100.]), rgb=array([0., 0., 0.]), text='aa', units='pix', win=Window(...), wrapWidth=1920)
3.2891 	EXP 	unnamed TextStim: autoDraw = True
3.2891 	EXP 	unnamed TextStim: autoDraw = True
3.2891 	EXP 	unnamed TextStim: autoDraw = True
5.5254 	CRITICAL 	Experiment finished by user! q pressed.
1.9141 	INFO 	Screen res set as: 1920x1080
1.9155 	INFO 	Loaded monitor calibration from ['2018_09_18 09:28']
2.3704 	EXP 	Created window1 = Window(allowGUI=True, allowStencil=False, args=UNKNOWN, autoLog=True, bitsMode=UNKNOWN, blendMode='avg', color='Gainsboro', colorSpace='named', fullscr=UNKNOWN, gamma=None, kwargs=UNKNOWN, lms=UNKNOWN, monitor=<psychopy.monitors.calibTools.Monitor object at 0x7f0ae00c50b8>, multiSample=False, name='window1', numSamples=2, pos=None, screen=0, size=array([1920, 1080]), stereo=False, units='pix', useFBO=False, useRetina=False, viewOri=0.0, viewPos=None, viewScale=None, waitBlanking=True, winType='pygame')
2.3704 	INFO 	Detected framerate: 30 frames per sec.
2.4361 	EXP 	Created unnamed ImageStim = ImageStim(__class__=<class 'psychopy.visual.image.ImageStim'>, autoLog=True, color=array([1., 1., 1.]), colorSpace='rgb', contrast=1.0, depth=0, flipHoriz=False, flipVert=False, image='images/clock.png', interpolate=True, mask=None, maskParams=None, name='unnamed ImageStim', opacity=1.0, ori=0.0, pos=array([0., 0.]), size=array([50., 50.]), texRes=128, units='pix', win=Window(...))
2.4623 	INFO 	using sysFont Arial
2.4631 	EXP 	Created unnamed TextStim = TextStim(__class__=<class 'psychopy.visual.text.TextStim'>, alignHoriz='center', alignVert='center', antialias=True, autoLog=True, bold=False, color='black', colorSpace='named', contrast=1.0, depth=0, flipHoriz=False, flipVert=False, font='Arial', fontFiles=[], height=32, italic=False, name='unnamed TextStim', opacity=1.0, ori=0.0, pos=array([-100., -100.]), rgb=array([0., 0., 0.]), text='bylo', units='pix', win=Window(...), wrapWidth=1920)
2.4635 	INFO 	using sysFont Arial
2.4641 	EXP 	Created unnamed TextStim = TextStim(__class__=<class 'psychopy.visual.text.TextStim'>, alignHoriz='center', alignVert='center', antialias=True, autoLog=True, bold=False, color='black', colorSpace='named', contrast=1.0, depth=0, flipHoriz=False, flipVert=False, font='Arial', fontFiles=[], height=32, italic=False, name='unnamed TextStim', opacity=1.0, ori=0.0, pos=array([ 100., -100.]), rgb=array([0., 0., 0.]), text='nie bylo', units='pix', win=Window(...), wrapWidth=1920)
2.4641 	INFO 	Mouse: using default window
2.4652 	INFO 	using sysFont Arial
2.4658 	EXP 	Created unnamed TextStim = TextStim(__class__=<class 'psychopy.visual.text.TextStim'>, alignHoriz='center', alignVert='center', antialias=True, autoLog=True, bold=False, color='black', colorSpace='named', contrast=1.0, depth=0, flipHoriz=False, flipVert=False, font='Arial', fontFiles=[], height=32, italic=False, name='unnamed TextStim', opacity=1.0, ori=0.0, pos=array([0., 0.]), rgb=array([0., 0., 0.]), text='Po treningu', units='pix', win=Window(...), wrapWidth=1920)
3.2958 	INFO 	using sysFont Arial
3.2963 	EXP 	Created unnamed TextStim = TextStim(__class__=<class 'psychopy.visual.text.TextStim'>, alignHoriz='center', alignVert='center', antialias=True, autoLog=True, bold=False, color='black', colorSpace='named', contrast=1.0, depth=0, flipHoriz=False, flipVert=False, font='Arial', fontFiles=[], height=32, italic=False, name='unnamed TextStim', opacity=1.0, ori=0.0, pos=array([  0., 100.]), rgb=array([0., 0., 0.]), text='aa', units='pix', win=Window(...), wrapWidth=1920)
3.2972 	EXP 	unnamed TextStim: autoDraw = True
3.2972 	EXP 	unnamed TextStim: autoDraw = True
3.2972 	EXP 	unnamed TextStim: autoDraw = True
7.3492 	CRITICAL 	Experiment finished by user! q pressed.
2.0356 	INFO 	Screen res set as: 1920x1080
2.0363 	INFO 	Loaded monitor calibration from ['2018_09_18 09:28']
2.4719 	EXP 	Created window1 = Window(allowGUI=True, allowStencil=False, args=UNKNOWN, autoLog=True, bitsMode=UNKNOWN, blendMode='avg', color='Gainsboro', colorSpace='named', fullscr=UNKNOWN, gamma=None, kwargs=UNKNOWN, lms=UNKNOWN, monitor=<psychopy.monitors.calibTools.Monitor object at 0x7efc941440b8>, multiSample=False, name='window1', numSamples=2, pos=None, screen=0, size=array([1920, 1080]), stereo=False, units='pix', useFBO=False, useRetina=False, viewOri=0.0, viewPos=None, viewScale=None, waitBlanking=True, winType='pygame')
2.4719 	INFO 	Detected framerate: 30 frames per sec.
2.5188 	EXP 	Created unnamed ImageStim = ImageStim(__class__=<class 'psychopy.visual.image.ImageStim'>, autoLog=True, color=array([1., 1., 1.]), colorSpace='rgb', contrast=1.0, depth=0, flipHoriz=False, flipVert=False, image='images/clock.png', interpolate=True, mask=None, maskParams=None, name='unnamed ImageStim', opacity=1.0, ori=0.0, pos=array([0., 0.]), size=array([50., 50.]), texRes=128, units='pix', win=Window(...))
2.5419 	INFO 	using sysFont Arial
2.5428 	EXP 	Created unnamed TextStim = TextStim(__class__=<class 'psychopy.visual.text.TextStim'>, alignHoriz='center', alignVert='center', antialias=True, autoLog=True, bold=False, color='black', colorSpace='named', contrast=1.0, depth=0, flipHoriz=False, flipVert=False, font='Arial', fontFiles=[], height=32, italic=False, name='unnamed TextStim', opacity=1.0, ori=0.0, pos=array([-100., -100.]), rgb=array([0., 0., 0.]), text='nie bylo', units='pix', win=Window(...), wrapWidth=1920)
2.5432 	INFO 	using sysFont Arial
2.5437 	EXP 	Created unnamed TextStim = TextStim(__class__=<class 'psychopy.visual.text.TextStim'>, alignHoriz='center', alignVert='center', antialias=True, autoLog=True, bold=False, color='black', colorSpace='named', contrast=1.0, depth=0, flipHoriz=False, flipVert=False, font='Arial', fontFiles=[], height=32, italic=False, name='unnamed TextStim', opacity=1.0, ori=0.0, pos=array([ 100., -100.]), rgb=array([0., 0., 0.]), text='bylo', units='pix', win=Window(...), wrapWidth=1920)
2.5438 	INFO 	Mouse: using default window
2.5447 	INFO 	using sysFont Arial
2.5454 	EXP 	Created unnamed TextStim = TextStim(__class__=<class 'psychopy.visual.text.TextStim'>, alignHoriz='center', alignVert='center', antialias=True, autoLog=True, bold=False, color='black', colorSpace='named', contrast=1.0, depth=0, flipHoriz=False, flipVert=False, font='Arial', fontFiles=[], height=32, italic=False, name='unnamed TextStim', opacity=1.0, ori=0.0, pos=array([0., 0.]), rgb=array([0., 0., 0.]), text='Po treningu', units='pix', win=Window(...), wrapWidth=1920)
2.9266 	INFO 	using sysFont Arial
2.9271 	EXP 	Created unnamed TextStim = TextStim(__class__=<class 'psychopy.visual.text.TextStim'>, alignHoriz='center', alignVert='center', antialias=True, autoLog=True, bold=False, color='black', colorSpace='named', contrast=1.0, depth=0, flipHoriz=False, flipVert=False, font='Arial', fontFiles=[], height=32, italic=False, name='unnamed TextStim', opacity=1.0, ori=0.0, pos=array([  0., 100.]), rgb=array([0., 0., 0.]), text='aaa', units='pix', win=Window(...), wrapWidth=1920)
2.9279 	EXP 	unnamed TextStim: autoDraw = True
2.9279 	EXP 	unnamed TextStim: autoDraw = True
2.9279 	EXP 	unnamed TextStim: autoDraw = True
5.2091 	CRITICAL 	Experiment finished by user! q pressed.
1.9114 	INFO 	Screen res set as: 1920x1080
1.9133 	INFO 	Loaded monitor calibration from ['2018_09_18 09:28']
2.4050 	EXP 	Created window1 = Window(allowGUI=True, allowStencil=False, args=UNKNOWN, autoLog=True, bitsMode=UNKNOWN, blendMode='avg', color='Gainsboro', colorSpace='named', fullscr=UNKNOWN, gamma=None, kwargs=UNKNOWN, lms=UNKNOWN, monitor=<psychopy.monitors.calibTools.Monitor object at 0x7f895c98b0f0>, multiSample=False, name='window1', numSamples=2, pos=None, screen=0, size=array([1920, 1080]), stereo=False, units='pix', useFBO=False, useRetina=False, viewOri=0.0, viewPos=None, viewScale=None, waitBlanking=True, winType='pygame')
2.4050 	INFO 	Detected framerate: 30 frames per sec.
2.4665 	EXP 	Created unnamed ImageStim = ImageStim(__class__=<class 'psychopy.visual.image.ImageStim'>, autoLog=True, color=array([1., 1., 1.]), colorSpace='rgb', contrast=1.0, depth=0, flipHoriz=False, flipVert=False, image='images/clock.png', interpolate=True, mask=None, maskParams=None, name='unnamed ImageStim', opacity=1.0, ori=0.0, pos=array([0., 0.]), size=array([50., 50.]), texRes=128, units='pix', win=Window(...))
2.4925 	INFO 	using sysFont Arial
2.4934 	EXP 	Created unnamed TextStim = TextStim(__class__=<class 'psychopy.visual.text.TextStim'>, alignHoriz='center', alignVert='center', antialias=True, autoLog=True, bold=False, color='black', colorSpace='named', contrast=1.0, depth=0, flipHoriz=False, flipVert=False, font='Arial', fontFiles=[], height=32, italic=False, name='unnamed TextStim', opacity=1.0, ori=0.0, pos=array([-100., -100.]), rgb=array([0., 0., 0.]), text='nie bylo', units='pix', win=Window(...), wrapWidth=1920)
2.4938 	INFO 	using sysFont Arial
2.4944 	EXP 	Created unnamed TextStim = TextStim(__class__=<class 'psychopy.visual.text.TextStim'>, alignHoriz='center', alignVert='center', antialias=True, autoLog=True, bold=False, color='black', colorSpace='named', contrast=1.0, depth=0, flipHoriz=False, flipVert=False, font='Arial', fontFiles=[], height=32, italic=False, name='unnamed TextStim', opacity=1.0, ori=0.0, pos=array([ 100., -100.]), rgb=array([0., 0., 0.]), text='bylo', units='pix', win=Window(...), wrapWidth=1920)
2.4944 	INFO 	Mouse: using default window
2.4954 	INFO 	using sysFont Arial
2.4961 	EXP 	Created unnamed TextStim = TextStim(__class__=<class 'psychopy.visual.text.TextStim'>, alignHoriz='center', alignVert='center', antialias=True, autoLog=True, bold=False, color='black', colorSpace='named', contrast=1.0, depth=0, flipHoriz=False, flipVert=False, font='Arial', fontFiles=[], height=32, italic=False, name='unnamed TextStim', opacity=1.0, ori=0.0, pos=array([0., 0.]), rgb=array([0., 0., 0.]), text='Po treningu', units='pix', win=Window(...), wrapWidth=1920)
3.3366 	INFO 	using sysFont Arial
3.3380 	EXP 	Created unnamed TextStim = TextStim(__class__=<class 'psychopy.visual.text.TextStim'>, alignHoriz='center', alignVert='center', antialias=True, autoLog=True, bold=False, color='black', colorSpace='named', contrast=1.0, depth=0, flipHoriz=False, flipVert=False, font='Arial', fontFiles=[], height=32, italic=False, name='unnamed TextStim', opacity=1.0, ori=0.0, pos=array([  0., 100.]), rgb=array([0., 0., 0.]), text='bbb', units='pix', win=Window(...), wrapWidth=1920)
3.3388 	EXP 	unnamed TextStim: autoDraw = True
3.3388 	EXP 	unnamed TextStim: autoDraw = True
3.3388 	EXP 	unnamed TextStim: autoDraw = True
4.9925 	CRITICAL 	Experiment finished by user! q pressed.
1.5848 	INFO 	Screen res set as: 1920x1080
1.5855 	INFO 	Loaded monitor calibration from ['2018_09_18 09:28']
1.9764 	EXP 	Created window1 = Window(allowGUI=True, allowStencil=False, args=UNKNOWN, autoLog=True, bitsMode=UNKNOWN, blendMode='avg', color='Gainsboro', colorSpace='named', fullscr=UNKNOWN, gamma=None, kwargs=UNKNOWN, lms=UNKNOWN, monitor=<psychopy.monitors.calibTools.Monitor object at 0x7ff11052d048>, multiSample=False, name='window1', numSamples=2, pos=None, screen=0, size=array([1920, 1080]), stereo=False, units='pix', useFBO=False, useRetina=False, viewOri=0.0, viewPos=None, viewScale=None, waitBlanking=True, winType='pygame')
1.9764 	INFO 	Detected framerate: 30 frames per sec.
2.0316 	EXP 	Created unnamed ImageStim = ImageStim(__class__=<class 'psychopy.visual.image.ImageStim'>, autoLog=True, color=array([1., 1., 1.]), colorSpace='rgb', contrast=1.0, depth=0, flipHoriz=False, flipVert=False, image='images/clock.png', interpolate=True, mask=None, maskParams=None, name='unnamed ImageStim', opacity=1.0, ori=0.0, pos=array([0., 0.]), size=array([50., 50.]), texRes=128, units='pix', win=Window(...))
2.0518 	INFO 	using sysFont Arial
2.0528 	EXP 	Created unnamed TextStim = TextStim(__class__=<class 'psychopy.visual.text.TextStim'>, alignHoriz='center', alignVert='center', antialias=True, autoLog=True, bold=False, color='black', colorSpace='named', contrast=1.0, depth=0, flipHoriz=False, flipVert=False, font='Arial', fontFiles=[], height=32, italic=False, name='unnamed TextStim', opacity=1.0, ori=0.0, pos=array([-100., -100.]), rgb=array([0., 0., 0.]), text='nie bylo', units='pix', win=Window(...), wrapWidth=1920)
2.0532 	INFO 	using sysFont Arial
2.0537 	EXP 	Created unnamed TextStim = TextStim(__class__=<class 'psychopy.visual.text.TextStim'>, alignHoriz='center', alignVert='center', antialias=True, autoLog=True, bold=False, color='black', colorSpace='named', contrast=1.0, depth=0, flipHoriz=False, flipVert=False, font='Arial', fontFiles=[], height=32, italic=False, name='unnamed TextStim', opacity=1.0, ori=0.0, pos=array([ 100., -100.]), rgb=array([0., 0., 0.]), text='bylo', units='pix', win=Window(...), wrapWidth=1920)
2.0537 	INFO 	Mouse: using default window
2.0549 	INFO 	using sysFont Arial
2.0555 	EXP 	Created unnamed TextStim = TextStim(__class__=<class 'psychopy.visual.text.TextStim'>, alignHoriz='center', alignVert='center', antialias=True, autoLog=True, bold=False, color='black', colorSpace='named', contrast=1.0, depth=0, flipHoriz=False, flipVert=False, font='Arial', fontFiles=[], height=32, italic=False, name='unnamed TextStim', opacity=1.0, ori=0.0, pos=array([0., 0.]), rgb=array([0., 0., 0.]), text='Po treningu', units='pix', win=Window(...), wrapWidth=1920)
4.3663 	INFO 	using sysFont Arial
4.3668 	EXP 	Created unnamed TextStim = TextStim(__class__=<class 'psychopy.visual.text.TextStim'>, alignHoriz='center', alignVert='center', antialias=True, autoLog=True, bold=False, color='black', colorSpace='named', contrast=1.0, depth=0, flipHoriz=False, flipVert=False, font='Arial', fontFiles=[], height=32, italic=False, name='unnamed TextStim', opacity=1.0, ori=0.0, pos=array([  0., 100.]), rgb=array([0., 0., 0.]), text='b', units='pix', win=Window(...), wrapWidth=1920)
4.3679 	EXP 	unnamed TextStim: autoDraw = True
4.3679 	EXP 	unnamed TextStim: autoDraw = True
4.3679 	EXP 	unnamed TextStim: autoDraw = True
6.9919 	CRITICAL 	Experiment finished by user! q pressed.
1.8686 	INFO 	Screen res set as: 1920x1080
1.8694 	INFO 	Loaded monitor calibration from ['2018_09_18 09:28']
2.3657 	EXP 	Created window1 = Window(allowGUI=True, allowStencil=False, args=UNKNOWN, autoLog=True, bitsMode=UNKNOWN, blendMode='avg', color='Gainsboro', colorSpace='named', fullscr=UNKNOWN, gamma=None, kwargs=UNKNOWN, lms=UNKNOWN, monitor=<psychopy.monitors.calibTools.Monitor object at 0x7f849403c0b8>, multiSample=False, name='window1', numSamples=2, pos=None, screen=0, size=array([1920, 1080]), stereo=False, units='pix', useFBO=False, useRetina=False, viewOri=0.0, viewPos=None, viewScale=None, waitBlanking=True, winType='pygame')
2.3658 	INFO 	Detected framerate: 30 frames per sec.
2.4155 	EXP 	Created unnamed ImageStim = ImageStim(__class__=<class 'psychopy.visual.image.ImageStim'>, autoLog=True, color=array([1., 1., 1.]), colorSpace='rgb', contrast=1.0, depth=0, flipHoriz=False, flipVert=False, image='images/clock.png', interpolate=True, mask=None, maskParams=None, name='unnamed ImageStim', opacity=1.0, ori=0.0, pos=array([0., 0.]), size=array([50., 50.]), texRes=128, units='pix', win=Window(...))
2.4354 	INFO 	using sysFont Arial
2.4363 	EXP 	Created unnamed TextStim = TextStim(__class__=<class 'psychopy.visual.text.TextStim'>, alignHoriz='center', alignVert='center', antialias=True, autoLog=True, bold=False, color='black', colorSpace='named', contrast=1.0, depth=0, flipHoriz=False, flipVert=False, font='Arial', fontFiles=[], height=32, italic=False, name='unnamed TextStim', opacity=1.0, ori=0.0, pos=array([-100., -100.]), rgb=array([0., 0., 0.]), text='nie bylo', units='pix', win=Window(...), wrapWidth=1920)
2.4367 	INFO 	using sysFont Arial
2.4372 	EXP 	Created unnamed TextStim = TextStim(__class__=<class 'psychopy.visual.text.TextStim'>, alignHoriz='center', alignVert='center', antialias=True, autoLog=True, bold=False, color='black', colorSpace='named', contrast=1.0, depth=0, flipHoriz=False, flipVert=False, font='Arial', fontFiles=[], height=32, italic=False, name='unnamed TextStim', opacity=1.0, ori=0.0, pos=array([ 100., -100.]), rgb=array([0., 0., 0.]), text='bylo', units='pix', win=Window(...), wrapWidth=1920)
2.4373 	INFO 	Mouse: using default window
2.4384 	INFO 	using sysFont Arial
2.4391 	EXP 	Created unnamed TextStim = TextStim(__class__=<class 'psychopy.visual.text.TextStim'>, alignHoriz='center', alignVert='center', antialias=True, autoLog=True, bold=False, color='black', colorSpace='named', contrast=1.0, depth=0, flipHoriz=False, flipVert=False, font='Arial', fontFiles=[], height=32, italic=False, name='unnamed TextStim', opacity=1.0, ori=0.0, pos=array([0., 0.]), rgb=array([0., 0., 0.]), text='Po treningu', units='pix', win=Window(...), wrapWidth=1920)
3.1638 	INFO 	Screen res set as: 1920x1080
3.1646 	INFO 	Loaded monitor calibration from ['2018_09_18 09:28']
3.6115 	EXP 	Created window1 = Window(allowGUI=True, allowStencil=False, args=UNKNOWN, autoLog=True, bitsMode=UNKNOWN, blendMode='avg', color='Gainsboro', colorSpace='named', fullscr=UNKNOWN, gamma=None, kwargs=UNKNOWN, lms=UNKNOWN, monitor=<psychopy.monitors.calibTools.Monitor object at 0x7f69fc1700f0>, multiSample=False, name='window1', numSamples=2, pos=None, screen=0, size=array([1920, 1080]), stereo=False, units='pix', useFBO=False, useRetina=False, viewOri=0.0, viewPos=None, viewScale=None, waitBlanking=True, winType='pygame')
3.6115 	INFO 	Detected framerate: 30 frames per sec.
3.6577 	EXP 	Created unnamed ImageStim = ImageStim(__class__=<class 'psychopy.visual.image.ImageStim'>, autoLog=True, color=array([1., 1., 1.]), colorSpace='rgb', contrast=1.0, depth=0, flipHoriz=False, flipVert=False, image='images/clock.png', interpolate=True, mask=None, maskParams=None, name='unnamed ImageStim', opacity=1.0, ori=0.0, pos=array([0., 0.]), size=array([50., 50.]), texRes=128, units='pix', win=Window(...))
3.6832 	INFO 	using sysFont Arial
3.6841 	EXP 	Created unnamed TextStim = TextStim(__class__=<class 'psychopy.visual.text.TextStim'>, alignHoriz='center', alignVert='center', antialias=True, autoLog=True, bold=False, color='black', colorSpace='named', contrast=1.0, depth=0, flipHoriz=False, flipVert=False, font='Arial', fontFiles=[], height=32, italic=False, name='unnamed TextStim', opacity=1.0, ori=0.0, pos=array([-100., -100.]), rgb=array([0., 0., 0.]), text='bylo', units='pix', win=Window(...), wrapWidth=1920)
3.6845 	INFO 	using sysFont Arial
3.6851 	EXP 	Created unnamed TextStim = TextStim(__class__=<class 'psychopy.visual.text.TextStim'>, alignHoriz='center', alignVert='center', antialias=True, autoLog=True, bold=False, color='black', colorSpace='named', contrast=1.0, depth=0, flipHoriz=False, flipVert=False, font='Arial', fontFiles=[], height=32, italic=False, name='unnamed TextStim', opacity=1.0, ori=0.0, pos=array([ 100., -100.]), rgb=array([0., 0., 0.]), text='nie bylo', units='pix', win=Window(...), wrapWidth=1920)
3.6851 	INFO 	Mouse: using default window
3.6864 	INFO 	using sysFont Arial
3.6870 	EXP 	Created unnamed TextStim = TextStim(__class__=<class 'psychopy.visual.text.TextStim'>, alignHoriz='center', alignVert='center', antialias=True, autoLog=True, bold=False, color='black', colorSpace='named', contrast=1.0, depth=0, flipHoriz=False, flipVert=False, font='Arial', fontFiles=[], height=32, italic=False, name='unnamed TextStim', opacity=1.0, ori=0.0, pos=array([0., 0.]), rgb=array([0., 0., 0.]), text='Po treningu', units='pix', win=Window(...), wrapWidth=1920)
3.9806 	CRITICAL 	Experiment finished by user! q pressed.
2.2948 	INFO 	Screen res set as: 1920x1080
2.2961 	INFO 	Loaded monitor calibration from ['2018_09_18 09:28']
2.6876 	EXP 	Created window1 = Window(allowGUI=True, allowStencil=False, args=UNKNOWN, autoLog=True, bitsMode=UNKNOWN, blendMode='avg', color='Gainsboro', colorSpace='named', fullscr=UNKNOWN, gamma=None, kwargs=UNKNOWN, lms=UNKNOWN, monitor=<psychopy.monitors.calibTools.Monitor object at 0x7f56a274a0f0>, multiSample=False, name='window1', numSamples=2, pos=None, screen=0, size=array([1920, 1080]), stereo=False, units='pix', useFBO=False, useRetina=False, viewOri=0.0, viewPos=None, viewScale=None, waitBlanking=True, winType='pygame')
2.6876 	INFO 	Detected framerate: 30 frames per sec.
2.7641 	EXP 	Created unnamed ImageStim = ImageStim(__class__=<class 'psychopy.visual.image.ImageStim'>, autoLog=True, color=array([1., 1., 1.]), colorSpace='rgb', contrast=1.0, depth=0, flipHoriz=False, flipVert=False, image='images/clock.png', interpolate=True, mask=None, maskParams=None, name='unnamed ImageStim', opacity=1.0, ori=0.0, pos=array([0., 0.]), size=array([50., 50.]), texRes=128, units='pix', win=Window(...))
2.7889 	INFO 	using sysFont Arial
2.7898 	EXP 	Created unnamed TextStim = TextStim(__class__=<class 'psychopy.visual.text.TextStim'>, alignHoriz='center', alignVert='center', antialias=True, autoLog=True, bold=False, color='black', colorSpace='named', contrast=1.0, depth=0, flipHoriz=False, flipVert=False, font='Arial', fontFiles=[], height=32, italic=False, name='unnamed TextStim', opacity=1.0, ori=0.0, pos=array([-100., -100.]), rgb=array([0., 0., 0.]), text='nie bylo', units='pix', win=Window(...), wrapWidth=1920)
2.7902 	INFO 	using sysFont Arial
2.7907 	EXP 	Created unnamed TextStim = TextStim(__class__=<class 'psychopy.visual.text.TextStim'>, alignHoriz='center', alignVert='center', antialias=True, autoLog=True, bold=False, color='black', colorSpace='named', contrast=1.0, depth=0, flipHoriz=False, flipVert=False, font='Arial', fontFiles=[], height=32, italic=False, name='unnamed TextStim', opacity=1.0, ori=0.0, pos=array([ 100., -100.]), rgb=array([0., 0., 0.]), text='bylo', units='pix', win=Window(...), wrapWidth=1920)
2.7908 	INFO 	Mouse: using default window
2.7918 	INFO 	using sysFont Arial
2.7925 	EXP 	Created unnamed TextStim = TextStim(__class__=<class 'psychopy.visual.text.TextStim'>, alignHoriz='center', alignVert='center', antialias=True, autoLog=True, bold=False, color='black', colorSpace='named', contrast=1.0, depth=0, flipHoriz=False, flipVert=False, font='Arial', fontFiles=[], height=32, italic=False, name='unnamed TextStim', opacity=1.0, ori=0.0, pos=array([0., 0.]), rgb=array([0., 0., 0.]), text='Po treningu', units='pix', win=Window(...), wrapWidth=1920)
3.1551 	INFO 	Screen res set as: 1920x1080
3.1560 	INFO 	Loaded monitor calibration from ['2018_09_18 09:28']
3.5673 	EXP 	Created window1 = Window(allowGUI=True, allowStencil=False, args=UNKNOWN, autoLog=True, bitsMode=UNKNOWN, blendMode='avg', color='Gainsboro', colorSpace='named', fullscr=UNKNOWN, gamma=None, kwargs=UNKNOWN, lms=UNKNOWN, monitor=<psychopy.monitors.calibTools.Monitor object at 0x7fa2b00910f0>, multiSample=False, name='window1', numSamples=2, pos=None, screen=0, size=array([1920, 1080]), stereo=False, units='pix', useFBO=False, useRetina=False, viewOri=0.0, viewPos=None, viewScale=None, waitBlanking=True, winType='pygame')
3.5673 	INFO 	Detected framerate: 30 frames per sec.
3.6328 	EXP 	Created unnamed ImageStim = ImageStim(__class__=<class 'psychopy.visual.image.ImageStim'>, autoLog=True, color=array([1., 1., 1.]), colorSpace='rgb', contrast=1.0, depth=0, flipHoriz=False, flipVert=False, image='images/clock.png', interpolate=True, mask=None, maskParams=None, name='unnamed ImageStim', opacity=1.0, ori=0.0, pos=array([0., 0.]), size=array([50., 50.]), texRes=128, units='pix', win=Window(...))
3.6595 	INFO 	using sysFont Arial
3.6608 	EXP 	Created unnamed TextStim = TextStim(__class__=<class 'psychopy.visual.text.TextStim'>, alignHoriz='center', alignVert='center', antialias=True, autoLog=True, bold=False, color='black', colorSpace='named', contrast=1.0, depth=0, flipHoriz=False, flipVert=False, font='Arial', fontFiles=[], height=32, italic=False, name='unnamed TextStim', opacity=1.0, ori=0.0, pos=array([-100., -100.]), rgb=array([0., 0., 0.]), text='nie bylo', units='pix', win=Window(...), wrapWidth=1920)
3.6614 	INFO 	using sysFont Arial
3.6621 	EXP 	Created unnamed TextStim = TextStim(__class__=<class 'psychopy.visual.text.TextStim'>, alignHoriz='center', alignVert='center', antialias=True, autoLog=True, bold=False, color='black', colorSpace='named', contrast=1.0, depth=0, flipHoriz=False, flipVert=False, font='Arial', fontFiles=[], height=32, italic=False, name='unnamed TextStim', opacity=1.0, ori=0.0, pos=array([ 100., -100.]), rgb=array([0., 0., 0.]), text='bylo', units='pix', win=Window(...), wrapWidth=1920)
3.6622 	INFO 	Mouse: using default window
3.6634 	INFO 	using sysFont Arial
3.6644 	EXP 	Created unnamed TextStim = TextStim(__class__=<class 'psychopy.visual.text.TextStim'>, alignHoriz='center', alignVert='center', antialias=True, autoLog=True, bold=False, color='black', colorSpace='named', contrast=1.0, depth=0, flipHoriz=False, flipVert=False, font='Arial', fontFiles=[], height=32, italic=False, name='unnamed TextStim', opacity=1.0, ori=0.0, pos=array([0., 0.]), rgb=array([0., 0., 0.]), text='Po treningu', units='pix', win=Window(...), wrapWidth=1920)
4.6824 	INFO 	using sysFont Arial
4.6835 	EXP 	Created unnamed TextStim = TextStim(__class__=<class 'psychopy.visual.text.TextStim'>, alignHoriz='center', alignVert='center', antialias=True, autoLog=True, bold=False, color='black', colorSpace='named', contrast=1.0, depth=0, flipHoriz=False, flipVert=False, font='Arial', fontFiles=[], height=32, italic=False, name='unnamed TextStim', opacity=1.0, ori=0.0, pos=array([  0., 100.]), rgb=array([0., 0., 0.]), text='b', units='pix', win=Window(...), wrapWidth=1920)
4.6843 	EXP 	unnamed TextStim: autoDraw = True
4.6843 	EXP 	unnamed TextStim: autoDraw = True
4.6843 	EXP 	unnamed TextStim: autoDraw = True
9.5572 	CRITICAL 	Experiment finished by user! q pressed.
1.7306 	INFO 	Screen res set as: 1920x1080
1.7314 	INFO 	Loaded monitor calibration from ['2018_09_18 09:28']
2.1997 	EXP 	Created window1 = Window(allowGUI=True, allowStencil=False, args=UNKNOWN, autoLog=True, bitsMode=UNKNOWN, blendMode='avg', color='Gainsboro', colorSpace='named', fullscr=UNKNOWN, gamma=None, kwargs=UNKNOWN, lms=UNKNOWN, monitor=<psychopy.monitors.calibTools.Monitor object at 0x7fac841380b8>, multiSample=False, name='window1', numSamples=2, pos=None, screen=0, size=array([1920, 1080]), stereo=False, units='pix', useFBO=False, useRetina=False, viewOri=0.0, viewPos=None, viewScale=None, waitBlanking=True, winType='pygame')
2.1997 	INFO 	Detected framerate: 30 frames per sec.
2.2521 	EXP 	Created unnamed ImageStim = ImageStim(__class__=<class 'psychopy.visual.image.ImageStim'>, autoLog=True, color=array([1., 1., 1.]), colorSpace='rgb', contrast=1.0, depth=0, flipHoriz=False, flipVert=False, image='images/clock.png', interpolate=True, mask=None, maskParams=None, name='unnamed ImageStim', opacity=1.0, ori=0.0, pos=array([0., 0.]), size=array([50., 50.]), texRes=128, units='pix', win=Window(...))
2.2795 	INFO 	using sysFont Arial
2.2806 	EXP 	Created unnamed TextStim = TextStim(__class__=<class 'psychopy.visual.text.TextStim'>, alignHoriz='center', alignVert='center', antialias=True, autoLog=True, bold=False, color='black', colorSpace='named', contrast=1.0, depth=0, flipHoriz=False, flipVert=False, font='Arial', fontFiles=[], height=32, italic=False, name='unnamed TextStim', opacity=1.0, ori=0.0, pos=array([-100., -100.]), rgb=array([0., 0., 0.]), text='nie bylo', units='pix', win=Window(...), wrapWidth=1920)
2.2811 	INFO 	using sysFont Arial
2.2817 	EXP 	Created unnamed TextStim = TextStim(__class__=<class 'psychopy.visual.text.TextStim'>, alignHoriz='center', alignVert='center', antialias=True, autoLog=True, bold=False, color='black', colorSpace='named', contrast=1.0, depth=0, flipHoriz=False, flipVert=False, font='Arial', fontFiles=[], height=32, italic=False, name='unnamed TextStim', opacity=1.0, ori=0.0, pos=array([ 100., -100.]), rgb=array([0., 0., 0.]), text='bylo', units='pix', win=Window(...), wrapWidth=1920)
2.2817 	INFO 	Mouse: using default window
2.2829 	INFO 	using sysFont Arial
2.2836 	EXP 	Created unnamed TextStim = TextStim(__class__=<class 'psychopy.visual.text.TextStim'>, alignHoriz='center', alignVert='center', antialias=True, autoLog=True, bold=False, color='black', colorSpace='named', contrast=1.0, depth=0, flipHoriz=False, flipVert=False, font='Arial', fontFiles=[], height=32, italic=False, name='unnamed TextStim', opacity=1.0, ori=0.0, pos=array([0., 0.]), rgb=array([0., 0., 0.]), text='Po treningu', units='pix', win=Window(...), wrapWidth=1920)
3.2642 	INFO 	using sysFont Arial
3.2653 	EXP 	Created unnamed TextStim = TextStim(__class__=<class 'psychopy.visual.text.TextStim'>, alignHoriz='center', alignVert='center', antialias=True, autoLog=True, bold=False, color='black', colorSpace='named', contrast=1.0, depth=0, flipHoriz=False, flipVert=False, font='Arial', fontFiles=[], height=32, italic=False, name='unnamed TextStim', opacity=1.0, ori=0.0, pos=array([  0., 100.]), rgb=array([0., 0., 0.]), text='aa', units='pix', win=Window(...), wrapWidth=1920)
3.2664 	EXP 	unnamed TextStim: autoDraw = True
3.2664 	EXP 	unnamed TextStim: autoDraw = True
3.2664 	EXP 	unnamed TextStim: autoDraw = True
1.9114 	INFO 	Screen res set as: 1920x1080
1.9121 	INFO 	Loaded monitor calibration from ['2018_09_18 09:28']
2.3338 	EXP 	Created window1 = Window(allowGUI=True, allowStencil=False, args=UNKNOWN, autoLog=True, bitsMode=UNKNOWN, blendMode='avg', color='Gainsboro', colorSpace='named', fullscr=UNKNOWN, gamma=None, kwargs=UNKNOWN, lms=UNKNOWN, monitor=<psychopy.monitors.calibTools.Monitor object at 0x7fe6d40820b8>, multiSample=False, name='window1', numSamples=2, pos=None, screen=0, size=array([1920, 1080]), stereo=False, units='pix', useFBO=False, useRetina=False, viewOri=0.0, viewPos=None, viewScale=None, waitBlanking=True, winType='pygame')
2.3338 	INFO 	Detected framerate: 30 frames per sec.
2.3943 	EXP 	Created unnamed ImageStim = ImageStim(__class__=<class 'psychopy.visual.image.ImageStim'>, autoLog=True, color=array([1., 1., 1.]), colorSpace='rgb', contrast=1.0, depth=0, flipHoriz=False, flipVert=False, image='images/clock.png', interpolate=True, mask=None, maskParams=None, name='unnamed ImageStim', opacity=1.0, ori=0.0, pos=array([0., 0.]), size=array([50., 50.]), texRes=128, units='pix', win=Window(...))
2.4140 	INFO 	using sysFont Arial
2.4150 	EXP 	Created unnamed TextStim = TextStim(__class__=<class 'psychopy.visual.text.TextStim'>, alignHoriz='center', alignVert='center', antialias=True, autoLog=True, bold=False, color='black', colorSpace='named', contrast=1.0, depth=0, flipHoriz=False, flipVert=False, font='Arial', fontFiles=[], height=32, italic=False, name='unnamed TextStim', opacity=1.0, ori=0.0, pos=array([-100., -100.]), rgb=array([0., 0., 0.]), text='nie bylo', units='pix', win=Window(...), wrapWidth=1920)
2.4154 	INFO 	using sysFont Arial
2.4160 	EXP 	Created unnamed TextStim = TextStim(__class__=<class 'psychopy.visual.text.TextStim'>, alignHoriz='center', alignVert='center', antialias=True, autoLog=True, bold=False, color='black', colorSpace='named', contrast=1.0, depth=0, flipHoriz=False, flipVert=False, font='Arial', fontFiles=[], height=32, italic=False, name='unnamed TextStim', opacity=1.0, ori=0.0, pos=array([ 100., -100.]), rgb=array([0., 0., 0.]), text='bylo', units='pix', win=Window(...), wrapWidth=1920)
2.4160 	INFO 	Mouse: using default window
2.4171 	INFO 	using sysFont Arial
2.4180 	EXP 	Created unnamed TextStim = TextStim(__class__=<class 'psychopy.visual.text.TextStim'>, alignHoriz='center', alignVert='center', antialias=True, autoLog=True, bold=False, color='black', colorSpace='named', contrast=1.0, depth=0, flipHoriz=False, flipVert=False, font='Arial', fontFiles=[], height=32, italic=False, name='unnamed TextStim', opacity=1.0, ori=0.0, pos=array([0., 0.]), rgb=array([0., 0., 0.]), text='Po treningu', units='pix', win=Window(...), wrapWidth=1920)
3.0435 	INFO 	using sysFont Arial
3.0440 	EXP 	Created unnamed TextStim = TextStim(__class__=<class 'psychopy.visual.text.TextStim'>, alignHoriz='center', alignVert='center', antialias=True, autoLog=True, bold=False, color='black', colorSpace='named', contrast=1.0, depth=0, flipHoriz=False, flipVert=False, font='Arial', fontFiles=[], height=32, italic=False, name='unnamed TextStim', opacity=1.0, ori=0.0, pos=array([  0., 100.]), rgb=array([0., 0., 0.]), text='bb', units='pix', win=Window(...), wrapWidth=1920)
3.0448 	EXP 	unnamed TextStim: autoDraw = True
3.0448 	EXP 	unnamed TextStim: autoDraw = True
3.0448 	EXP 	unnamed TextStim: autoDraw = True
2.3003 	INFO 	Screen res set as: 1920x1080
2.3010 	INFO 	Loaded monitor calibration from ['2018_09_18 09:28']
2.7061 	EXP 	Created window1 = Window(allowGUI=True, allowStencil=False, args=UNKNOWN, autoLog=True, bitsMode=UNKNOWN, blendMode='avg', color='Gainsboro', colorSpace='named', fullscr=UNKNOWN, gamma=None, kwargs=UNKNOWN, lms=UNKNOWN, monitor=<psychopy.monitors.calibTools.Monitor object at 0x7f33b818f0b8>, multiSample=False, name='window1', numSamples=2, pos=None, screen=0, size=array([1920, 1080]), stereo=False, units='pix', useFBO=False, useRetina=False, viewOri=0.0, viewPos=None, viewScale=None, waitBlanking=True, winType='pygame')
2.7061 	INFO 	Detected framerate: 30 frames per sec.
2.7688 	EXP 	Created unnamed ImageStim = ImageStim(__class__=<class 'psychopy.visual.image.ImageStim'>, autoLog=True, color=array([1., 1., 1.]), colorSpace='rgb', contrast=1.0, depth=0, flipHoriz=False, flipVert=False, image='images/clock.png', interpolate=True, mask=None, maskParams=None, name='unnamed ImageStim', opacity=1.0, ori=0.0, pos=array([0., 0.]), size=array([50., 50.]), texRes=128, units='pix', win=Window(...))
2.7934 	INFO 	using sysFont Arial
2.7946 	EXP 	Created unnamed TextStim = TextStim(__class__=<class 'psychopy.visual.text.TextStim'>, alignHoriz='center', alignVert='center', antialias=True, autoLog=True, bold=False, color='black', colorSpace='named', contrast=1.0, depth=0, flipHoriz=False, flipVert=False, font='Arial', fontFiles=[], height=32, italic=False, name='unnamed TextStim', opacity=1.0, ori=0.0, pos=array([-100., -100.]), rgb=array([0., 0., 0.]), text='nie bylo', units='pix', win=Window(...), wrapWidth=1920)
2.7951 	INFO 	using sysFont Arial
2.7958 	EXP 	Created unnamed TextStim = TextStim(__class__=<class 'psychopy.visual.text.TextStim'>, alignHoriz='center', alignVert='center', antialias=True, autoLog=True, bold=False, color='black', colorSpace='named', contrast=1.0, depth=0, flipHoriz=False, flipVert=False, font='Arial', fontFiles=[], height=32, italic=False, name='unnamed TextStim', opacity=1.0, ori=0.0, pos=array([ 100., -100.]), rgb=array([0., 0., 0.]), text='bylo', units='pix', win=Window(...), wrapWidth=1920)
2.7958 	INFO 	Mouse: using default window
2.7969 	INFO 	using sysFont Arial
2.7977 	EXP 	Created unnamed TextStim = TextStim(__class__=<class 'psychopy.visual.text.TextStim'>, alignHoriz='center', alignVert='center', antialias=True, autoLog=True, bold=False, color='black', colorSpace='named', contrast=1.0, depth=0, flipHoriz=False, flipVert=False, font='Arial', fontFiles=[], height=32, italic=False, name='unnamed TextStim', opacity=1.0, ori=0.0, pos=array([0., 0.]), rgb=array([0., 0., 0.]), text='Po treningu', units='pix', win=Window(...), wrapWidth=1920)
3.7854 	INFO 	using sysFont Arial
3.7859 	EXP 	Created unnamed TextStim = TextStim(__class__=<class 'psychopy.visual.text.TextStim'>, alignHoriz='center', alignVert='center', antialias=True, autoLog=True, bold=False, color='black', colorSpace='named', contrast=1.0, depth=0, flipHoriz=False, flipVert=False, font='Arial', fontFiles=[], height=32, italic=False, name='unnamed TextStim', opacity=1.0, ori=0.0, pos=array([  0., 100.]), rgb=array([0., 0., 0.]), text='b', units='pix', win=Window(...), wrapWidth=1920)
3.7869 	EXP 	unnamed TextStim: autoDraw = True
3.7869 	EXP 	unnamed TextStim: autoDraw = True
3.7869 	EXP 	unnamed TextStim: autoDraw = True
1.6739 	INFO 	Screen res set as: 1920x1080
1.6747 	INFO 	Loaded monitor calibration from ['2018_09_18 09:28']
2.0527 	EXP 	Created window1 = Window(allowGUI=True, allowStencil=False, args=UNKNOWN, autoLog=True, bitsMode=UNKNOWN, blendMode='avg', color='Gainsboro', colorSpace='named', fullscr=UNKNOWN, gamma=None, kwargs=UNKNOWN, lms=UNKNOWN, monitor=<psychopy.monitors.calibTools.Monitor object at 0x7f26c418a0f0>, multiSample=False, name='window1', numSamples=2, pos=None, screen=0, size=array([1920, 1080]), stereo=False, units='pix', useFBO=False, useRetina=False, viewOri=0.0, viewPos=None, viewScale=None, waitBlanking=True, winType='pygame')
2.0527 	INFO 	Detected framerate: 30 frames per sec.
2.0970 	EXP 	Created unnamed ImageStim = ImageStim(__class__=<class 'psychopy.visual.image.ImageStim'>, autoLog=True, color=array([1., 1., 1.]), colorSpace='rgb', contrast=1.0, depth=0, flipHoriz=False, flipVert=False, image='images/clock.png', interpolate=True, mask=None, maskParams=None, name='unnamed ImageStim', opacity=1.0, ori=0.0, pos=array([0., 0.]), size=array([50., 50.]), texRes=128, units='pix', win=Window(...))
2.1211 	INFO 	using sysFont Arial
2.1221 	EXP 	Created unnamed TextStim = TextStim(__class__=<class 'psychopy.visual.text.TextStim'>, alignHoriz='center', alignVert='center', antialias=True, autoLog=True, bold=False, color='black', colorSpace='named', contrast=1.0, depth=0, flipHoriz=False, flipVert=False, font='Arial', fontFiles=[], height=32, italic=False, name='unnamed TextStim', opacity=1.0, ori=0.0, pos=array([-100., -100.]), rgb=array([0., 0., 0.]), text='nie bylo', units='pix', win=Window(...), wrapWidth=1920)
2.1224 	INFO 	using sysFont Arial
2.1230 	EXP 	Created unnamed TextStim = TextStim(__class__=<class 'psychopy.visual.text.TextStim'>, alignHoriz='center', alignVert='center', antialias=True, autoLog=True, bold=False, color='black', colorSpace='named', contrast=1.0, depth=0, flipHoriz=False, flipVert=False, font='Arial', fontFiles=[], height=32, italic=False, name='unnamed TextStim', opacity=1.0, ori=0.0, pos=array([ 100., -100.]), rgb=array([0., 0., 0.]), text='bylo', units='pix', win=Window(...), wrapWidth=1920)
2.1230 	INFO 	Mouse: using default window
2.1238 	INFO 	using sysFont Arial
2.1245 	EXP 	Created unnamed TextStim = TextStim(__class__=<class 'psychopy.visual.text.TextStim'>, alignHoriz='center', alignVert='center', antialias=True, autoLog=True, bold=False, color='black', colorSpace='named', contrast=1.0, depth=0, flipHoriz=False, flipVert=False, font='Arial', fontFiles=[], height=32, italic=False, name='unnamed TextStim', opacity=1.0, ori=0.0, pos=array([0., 0.]), rgb=array([0., 0., 0.]), text='Po treningu', units='pix', win=Window(...), wrapWidth=1920)
2.8341 	INFO 	using sysFont Arial
2.8346 	EXP 	Created unnamed TextStim = TextStim(__class__=<class 'psychopy.visual.text.TextStim'>, alignHoriz='center', alignVert='center', antialias=True, autoLog=True, bold=False, color='black', colorSpace='named', contrast=1.0, depth=0, flipHoriz=False, flipVert=False, font='Arial', fontFiles=[], height=32, italic=False, name='unnamed TextStim', opacity=1.0, ori=0.0, pos=array([  0., 100.]), rgb=array([0., 0., 0.]), text='b', units='pix', win=Window(...), wrapWidth=1920)
2.8355 	EXP 	unnamed TextStim: autoDraw = True
2.8355 	EXP 	unnamed TextStim: autoDraw = True
2.8355 	EXP 	unnamed TextStim: autoDraw = True
3.8296 	EXP 	unnamed TextStim: autoDraw = False
3.8296 	EXP 	unnamed TextStim: autoDraw = False
3.8296 	EXP 	unnamed TextStim: autoDraw = False
4.8310 	INFO 	using sysFont Arial
4.8315 	EXP 	Created unnamed TextStim = TextStim(__class__=<class 'psychopy.visual.text.TextStim'>, alignHoriz='center', alignVert='center', antialias=True, autoLog=True, bold=False, color='black', colorSpace='named', contrast=1.0, depth=0, flipHoriz=False, flipVert=False, font='Arial', fontFiles=[], height=32, italic=False, name='unnamed TextStim', opacity=1.0, ori=0.0, pos=array([  0., 100.]), rgb=array([0., 0., 0.]), text='aa', units='pix', win=Window(...), wrapWidth=1920)
4.8332 	EXP 	unnamed TextStim: autoDraw = True
4.8332 	EXP 	unnamed TextStim: autoDraw = True
4.8332 	EXP 	unnamed TextStim: autoDraw = True
5.7839 	EXP 	unnamed TextStim: autoDraw = False
5.7839 	EXP 	unnamed TextStim: autoDraw = False
5.7839 	EXP 	unnamed TextStim: autoDraw = False
6.7851 	INFO 	using sysFont Arial
6.7856 	EXP 	Created unnamed TextStim = TextStim(__class__=<class 'psychopy.visual.text.TextStim'>, alignHoriz='center', alignVert='center', antialias=True, autoLog=True, bold=False, color='black', colorSpace='named', contrast=1.0, depth=0, flipHoriz=False, flipVert=False, font='Arial', fontFiles=[], height=32, italic=False, name='unnamed TextStim', opacity=1.0, ori=0.0, pos=array([  0., 100.]), rgb=array([0., 0., 0.]), text='bb', units='pix', win=Window(...), wrapWidth=1920)
6.8000 	EXP 	unnamed TextStim: autoDraw = True
6.8000 	EXP 	unnamed TextStim: autoDraw = True
6.8000 	EXP 	unnamed TextStim: autoDraw = True
7.4792 	EXP 	unnamed TextStim: autoDraw = False
7.4792 	EXP 	unnamed TextStim: autoDraw = False
7.4792 	EXP 	unnamed TextStim: autoDraw = False
8.4811 	INFO 	using sysFont Arial
8.4820 	EXP 	Created unnamed TextStim = TextStim(__class__=<class 'psychopy.visual.text.TextStim'>, alignHoriz='center', alignVert='center', antialias=True, autoLog=True, bold=False, color='black', colorSpace='named', contrast=1.0, depth=0, flipHoriz=False, flipVert=False, font='Arial', fontFiles=[], height=32, italic=False, name='unnamed TextStim', opacity=1.0, ori=0.0, pos=array([  0., 100.]), rgb=array([0., 0., 0.]), text='bbb', units='pix', win=Window(...), wrapWidth=1920)
8.4840 	EXP 	unnamed TextStim: autoDraw = True
8.4840 	EXP 	unnamed TextStim: autoDraw = True
8.4840 	EXP 	unnamed TextStim: autoDraw = True
9.2603 	EXP 	unnamed TextStim: autoDraw = False
9.2603 	EXP 	unnamed TextStim: autoDraw = False
9.2603 	EXP 	unnamed TextStim: autoDraw = False
10.2618 	INFO 	using sysFont Arial
10.2623 	EXP 	Created unnamed TextStim = TextStim(__class__=<class 'psychopy.visual.text.TextStim'>, alignHoriz='center', alignVert='center', antialias=True, autoLog=True, bold=False, color='black', colorSpace='named', contrast=1.0, depth=0, flipHoriz=False, flipVert=False, font='Arial', fontFiles=[], height=32, italic=False, name='unnamed TextStim', opacity=1.0, ori=0.0, pos=array([  0., 100.]), rgb=array([0., 0., 0.]), text='a', units='pix', win=Window(...), wrapWidth=1920)
10.2639 	EXP 	unnamed TextStim: autoDraw = True
10.2639 	EXP 	unnamed TextStim: autoDraw = True
10.2639 	EXP 	unnamed TextStim: autoDraw = True
11.4241 	EXP 	unnamed TextStim: autoDraw = False
11.4241 	EXP 	unnamed TextStim: autoDraw = False
11.4241 	EXP 	unnamed TextStim: autoDraw = False
12.4256 	INFO 	using sysFont Arial
12.4261 	EXP 	Created unnamed TextStim = TextStim(__class__=<class 'psychopy.visual.text.TextStim'>, alignHoriz='center', alignVert='center', antialias=True, autoLog=True, bold=False, color='black', colorSpace='named', contrast=1.0, depth=0, flipHoriz=False, flipVert=False, font='Arial', fontFiles=[], height=32, italic=False, name='unnamed TextStim', opacity=1.0, ori=0.0, pos=array([  0., 100.]), rgb=array([0., 0., 0.]), text='aaa', units='pix', win=Window(...), wrapWidth=1920)
12.4322 	EXP 	unnamed TextStim: autoDraw = True
12.4322 	EXP 	unnamed TextStim: autoDraw = True
12.4322 	EXP 	unnamed TextStim: autoDraw = True
13.5636 	EXP 	unnamed TextStim: autoDraw = False
13.5636 	EXP 	unnamed TextStim: autoDraw = False
13.5636 	EXP 	unnamed TextStim: autoDraw = False
14.5652 	INFO 	using sysFont Arial
14.5657 	EXP 	Created unnamed TextStim = TextStim(__class__=<class 'psychopy.visual.text.TextStim'>, alignHoriz='center', alignVert='center', antialias=True, autoLog=True, bold=False, color='black', colorSpace='named', contrast=1.0, depth=0, flipHoriz=False, flipVert=False, font='Arial', fontFiles=[], height=32, italic=False, name='unnamed TextStim', opacity=1.0, ori=0.0, pos=array([0., 0.]), rgb=array([0., 0., 0.]), text='end', units='pix', win=Window(...), wrapWidth=1920)
1.9398 	INFO 	Screen res set as: 1920x1080
1.9405 	INFO 	Loaded monitor calibration from ['2018_09_18 09:28']
2.4853 	EXP 	Created window1 = Window(allowGUI=True, allowStencil=False, args=UNKNOWN, autoLog=True, bitsMode=UNKNOWN, blendMode='avg', color='Gainsboro', colorSpace='named', fullscr=UNKNOWN, gamma=None, kwargs=UNKNOWN, lms=UNKNOWN, monitor=<psychopy.monitors.calibTools.Monitor object at 0x7efe44157048>, multiSample=False, name='window1', numSamples=2, pos=None, screen=0, size=array([1920, 1080]), stereo=False, units='pix', useFBO=False, useRetina=False, viewOri=0.0, viewPos=None, viewScale=None, waitBlanking=True, winType='pygame')
2.4853 	INFO 	Detected framerate: 30 frames per sec.
2.5284 	EXP 	Created unnamed ImageStim = ImageStim(__class__=<class 'psychopy.visual.image.ImageStim'>, autoLog=True, color=array([1., 1., 1.]), colorSpace='rgb', contrast=1.0, depth=0, flipHoriz=False, flipVert=False, image='images/clock.png', interpolate=True, mask=None, maskParams=None, name='unnamed ImageStim', opacity=1.0, ori=0.0, pos=array([0., 0.]), size=array([50., 50.]), texRes=128, units='pix', win=Window(...))
2.5532 	INFO 	using sysFont Arial
2.5542 	EXP 	Created unnamed TextStim = TextStim(__class__=<class 'psychopy.visual.text.TextStim'>, alignHoriz='center', alignVert='center', antialias=True, autoLog=True, bold=False, color='black', colorSpace='named', contrast=1.0, depth=0, flipHoriz=False, flipVert=False, font='Arial', fontFiles=[], height=32, italic=False, name='unnamed TextStim', opacity=1.0, ori=0.0, pos=array([-100., -100.]), rgb=array([0., 0., 0.]), text='bylo', units='pix', win=Window(...), wrapWidth=1920)
2.5546 	INFO 	using sysFont Arial
2.5552 	EXP 	Created unnamed TextStim = TextStim(__class__=<class 'psychopy.visual.text.TextStim'>, alignHoriz='center', alignVert='center', antialias=True, autoLog=True, bold=False, color='black', colorSpace='named', contrast=1.0, depth=0, flipHoriz=False, flipVert=False, font='Arial', fontFiles=[], height=32, italic=False, name='unnamed TextStim', opacity=1.0, ori=0.0, pos=array([ 100., -100.]), rgb=array([0., 0., 0.]), text='nie bylo', units='pix', win=Window(...), wrapWidth=1920)
2.5553 	INFO 	Mouse: using default window
2.5564 	INFO 	using sysFont Arial
2.5571 	EXP 	Created unnamed TextStim = TextStim(__class__=<class 'psychopy.visual.text.TextStim'>, alignHoriz='center', alignVert='center', antialias=True, autoLog=True, bold=False, color='black', colorSpace='named', contrast=1.0, depth=0, flipHoriz=False, flipVert=False, font='Arial', fontFiles=[], height=32, italic=False, name='unnamed TextStim', opacity=1.0, ori=0.0, pos=array([0., 0.]), rgb=array([0., 0., 0.]), text='Po treningu', units='pix', win=Window(...), wrapWidth=1920)
3.3102 	INFO 	using sysFont Arial
3.3108 	EXP 	Created unnamed TextStim = TextStim(__class__=<class 'psychopy.visual.text.TextStim'>, alignHoriz='center', alignVert='center', antialias=True, autoLog=True, bold=False, color='black', colorSpace='named', contrast=1.0, depth=0, flipHoriz=False, flipVert=False, font='Arial', fontFiles=[], height=32, italic=False, name='unnamed TextStim', opacity=1.0, ori=0.0, pos=array([  0., 100.]), rgb=array([0., 0., 0.]), text='bb', units='pix', win=Window(...), wrapWidth=1920)
3.3120 	EXP 	unnamed TextStim: autoDraw = True
3.3120 	EXP 	unnamed TextStim: autoDraw = True
3.3120 	EXP 	unnamed TextStim: autoDraw = True
4.4281 	EXP 	unnamed TextStim: autoDraw = False
4.4281 	EXP 	unnamed TextStim: autoDraw = False
4.4281 	EXP 	unnamed TextStim: autoDraw = False
5.4296 	INFO 	using sysFont Arial
5.4302 	EXP 	Created unnamed TextStim = TextStim(__class__=<class 'psychopy.visual.text.TextStim'>, alignHoriz='center', alignVert='center', antialias=True, autoLog=True, bold=False, color='black', colorSpace='named', contrast=1.0, depth=0, flipHoriz=False, flipVert=False, font='Arial', fontFiles=[], height=32, italic=False, name='unnamed TextStim', opacity=1.0, ori=0.0, pos=array([  0., 100.]), rgb=array([0., 0., 0.]), text='b', units='pix', win=Window(...), wrapWidth=1920)
5.4320 	EXP 	unnamed TextStim: autoDraw = True
5.4320 	EXP 	unnamed TextStim: autoDraw = True
5.4320 	EXP 	unnamed TextStim: autoDraw = True
7.2933 	EXP 	unnamed TextStim: autoDraw = False
7.2933 	EXP 	unnamed TextStim: autoDraw = False
7.2933 	EXP 	unnamed TextStim: autoDraw = False
8.2949 	INFO 	using sysFont Arial
8.2954 	EXP 	Created unnamed TextStim = TextStim(__class__=<class 'psychopy.visual.text.TextStim'>, alignHoriz='center', alignVert='center', antialias=True, autoLog=True, bold=False, color='black', colorSpace='named', contrast=1.0, depth=0, flipHoriz=False, flipVert=False, font='Arial', fontFiles=[], height=32, italic=False, name='unnamed TextStim', opacity=1.0, ori=0.0, pos=array([  0., 100.]), rgb=array([0., 0., 0.]), text='bbb', units='pix', win=Window(...), wrapWidth=1920)
8.2970 	EXP 	unnamed TextStim: autoDraw = True
8.2970 	EXP 	unnamed TextStim: autoDraw = True
8.2970 	EXP 	unnamed TextStim: autoDraw = True
8.8628 	EXP 	unnamed TextStim: autoDraw = False
8.8628 	EXP 	unnamed TextStim: autoDraw = False
8.8628 	EXP 	unnamed TextStim: autoDraw = False
9.8643 	INFO 	using sysFont Arial
9.8648 	EXP 	Created unnamed TextStim = TextStim(__class__=<class 'psychopy.visual.text.TextStim'>, alignHoriz='center', alignVert='center', antialias=True, autoLog=True, bold=False, color='black', colorSpace='named', contrast=1.0, depth=0, flipHoriz=False, flipVert=False, font='Arial', fontFiles=[], height=32, italic=False, name='unnamed TextStim', opacity=1.0, ori=0.0, pos=array([  0., 100.]), rgb=array([0., 0., 0.]), text='a', units='pix', win=Window(...), wrapWidth=1920)
9.8664 	EXP 	unnamed TextStim: autoDraw = True
9.8664 	EXP 	unnamed TextStim: autoDraw = True
9.8664 	EXP 	unnamed TextStim: autoDraw = True
10.5233 	EXP 	unnamed TextStim: autoDraw = False
10.5233 	EXP 	unnamed TextStim: autoDraw = False
10.5233 	EXP 	unnamed TextStim: autoDraw = False
11.5244 	INFO 	using sysFont Arial
11.5254 	EXP 	Created unnamed TextStim = TextStim(__class__=<class 'psychopy.visual.text.TextStim'>, alignHoriz='center', alignVert='center', antialias=True, autoLog=True, bold=False, color='black', colorSpace='named', contrast=1.0, depth=0, flipHoriz=False, flipVert=False, font='Arial', fontFiles=[], height=32, italic=False, name='unnamed TextStim', opacity=1.0, ori=0.0, pos=array([  0., 100.]), rgb=array([0., 0., 0.]), text='aa', units='pix', win=Window(...), wrapWidth=1920)
11.5277 	EXP 	unnamed TextStim: autoDraw = True
11.5277 	EXP 	unnamed TextStim: autoDraw = True
11.5277 	EXP 	unnamed TextStim: autoDraw = True
12.6119 	EXP 	unnamed TextStim: autoDraw = False
12.6119 	EXP 	unnamed TextStim: autoDraw = False
12.6119 	EXP 	unnamed TextStim: autoDraw = False
13.6134 	INFO 	using sysFont Arial
13.6141 	EXP 	Created unnamed TextStim = TextStim(__class__=<class 'psychopy.visual.text.TextStim'>, alignHoriz='center', alignVert='center', antialias=True, autoLog=True, bold=False, color='black', colorSpace='named', contrast=1.0, depth=0, flipHoriz=False, flipVert=False, font='Arial', fontFiles=[], height=32, italic=False, name='unnamed TextStim', opacity=1.0, ori=0.0, pos=array([  0., 100.]), rgb=array([0., 0., 0.]), text='aaa', units='pix', win=Window(...), wrapWidth=1920)
13.6156 	EXP 	unnamed TextStim: autoDraw = True
13.6156 	EXP 	unnamed TextStim: autoDraw = True
13.6156 	EXP 	unnamed TextStim: autoDraw = True
15.9547 	EXP 	unnamed TextStim: autoDraw = False
15.9547 	EXP 	unnamed TextStim: autoDraw = False
15.9547 	EXP 	unnamed TextStim: autoDraw = False
16.9564 	INFO 	using sysFont Arial
16.9569 	EXP 	Created unnamed TextStim = TextStim(__class__=<class 'psychopy.visual.text.TextStim'>, alignHoriz='center', alignVert='center', antialias=True, autoLog=True, bold=False, color='black', colorSpace='named', contrast=1.0, depth=0, flipHoriz=False, flipVert=False, font='Arial', fontFiles=[], height=32, italic=False, name='unnamed TextStim', opacity=1.0, ori=0.0, pos=array([0., 0.]), rgb=array([0., 0., 0.]), text='end', units='pix', win=Window(...), wrapWidth=1920)
1.7253 	INFO 	Screen res set as: 1920x1080
1.7260 	INFO 	Loaded monitor calibration from ['2018_09_18 09:28']
2.2004 	EXP 	Created window1 = Window(allowGUI=True, allowStencil=False, args=UNKNOWN, autoLog=True, bitsMode=UNKNOWN, blendMode='avg', color='Gainsboro', colorSpace='named', fullscr=UNKNOWN, gamma=None, kwargs=UNKNOWN, lms=UNKNOWN, monitor=<psychopy.monitors.calibTools.Monitor object at 0x7f472006e0b8>, multiSample=False, name='window1', numSamples=2, pos=None, screen=0, size=array([1920, 1080]), stereo=False, units='pix', useFBO=False, useRetina=False, viewOri=0.0, viewPos=None, viewScale=None, waitBlanking=True, winType='pygame')
2.2005 	INFO 	Detected framerate: 30 frames per sec.
2.2719 	EXP 	Created unnamed ImageStim = ImageStim(__class__=<class 'psychopy.visual.image.ImageStim'>, autoLog=True, color=array([1., 1., 1.]), colorSpace='rgb', contrast=1.0, depth=0, flipHoriz=False, flipVert=False, image='images/clock.png', interpolate=True, mask=None, maskParams=None, name='unnamed ImageStim', opacity=1.0, ori=0.0, pos=array([0., 0.]), size=array([50., 50.]), texRes=128, units='pix', win=Window(...))
2.2976 	INFO 	using sysFont Arial
2.2985 	EXP 	Created unnamed TextStim = TextStim(__class__=<class 'psychopy.visual.text.TextStim'>, alignHoriz='center', alignVert='center', antialias=True, autoLog=True, bold=False, color='black', colorSpace='named', contrast=1.0, depth=0, flipHoriz=False, flipVert=False, font='Arial', fontFiles=[], height=32, italic=False, name='unnamed TextStim', opacity=1.0, ori=0.0, pos=array([-100., -100.]), rgb=array([0., 0., 0.]), text='nie bylo', units='pix', win=Window(...), wrapWidth=1920)
2.2989 	INFO 	using sysFont Arial
2.2994 	EXP 	Created unnamed TextStim = TextStim(__class__=<class 'psychopy.visual.text.TextStim'>, alignHoriz='center', alignVert='center', antialias=True, autoLog=True, bold=False, color='black', colorSpace='named', contrast=1.0, depth=0, flipHoriz=False, flipVert=False, font='Arial', fontFiles=[], height=32, italic=False, name='unnamed TextStim', opacity=1.0, ori=0.0, pos=array([ 100., -100.]), rgb=array([0., 0., 0.]), text='bylo', units='pix', win=Window(...), wrapWidth=1920)
2.2994 	INFO 	Mouse: using default window
2.3005 	INFO 	using sysFont Arial
2.3012 	EXP 	Created unnamed TextStim = TextStim(__class__=<class 'psychopy.visual.text.TextStim'>, alignHoriz='center', alignVert='center', antialias=True, autoLog=True, bold=False, color='black', colorSpace='named', contrast=1.0, depth=0, flipHoriz=False, flipVert=False, font='Arial', fontFiles=[], height=32, italic=False, name='unnamed TextStim', opacity=1.0, ori=0.0, pos=array([0., 0.]), rgb=array([0., 0., 0.]), text='Po treningu', units='pix', win=Window(...), wrapWidth=1920)
3.2371 	INFO 	using sysFont Arial
3.2376 	EXP 	Created unnamed TextStim = TextStim(__class__=<class 'psychopy.visual.text.TextStim'>, alignHoriz='center', alignVert='center', antialias=True, autoLog=True, bold=False, color='black', colorSpace='named', contrast=1.0, depth=0, flipHoriz=False, flipVert=False, font='Arial', fontFiles=[], height=32, italic=False, name='unnamed TextStim', opacity=1.0, ori=0.0, pos=array([  0., 100.]), rgb=array([0., 0., 0.]), text='bbb', units='pix', win=Window(...), wrapWidth=1920)
3.2387 	EXP 	unnamed TextStim: autoDraw = True
3.2387 	EXP 	unnamed TextStim: autoDraw = True
3.2387 	EXP 	unnamed TextStim: autoDraw = True
1.9499 	INFO 	Screen res set as: 1920x1080
1.9507 	INFO 	Loaded monitor calibration from ['2018_09_18 09:28']
2.3244 	EXP 	Created window1 = Window(allowGUI=True, allowStencil=False, args=UNKNOWN, autoLog=True, bitsMode=UNKNOWN, blendMode='avg', color='Gainsboro', colorSpace='named', fullscr=UNKNOWN, gamma=None, kwargs=UNKNOWN, lms=UNKNOWN, monitor=<psychopy.monitors.calibTools.Monitor object at 0x7f892418d080>, multiSample=False, name='window1', numSamples=2, pos=None, screen=0, size=array([1920, 1080]), stereo=False, units='pix', useFBO=False, useRetina=False, viewOri=0.0, viewPos=None, viewScale=None, waitBlanking=True, winType='pygame')
2.3245 	INFO 	Detected framerate: 30 frames per sec.
2.3858 	EXP 	Created unnamed ImageStim = ImageStim(__class__=<class 'psychopy.visual.image.ImageStim'>, autoLog=True, color=array([1., 1., 1.]), colorSpace='rgb', contrast=1.0, depth=0, flipHoriz=False, flipVert=False, image='images/clock.png', interpolate=True, mask=None, maskParams=None, name='unnamed ImageStim', opacity=1.0, ori=0.0, pos=array([0., 0.]), size=array([50., 50.]), texRes=128, units='pix', win=Window(...))
2.4152 	INFO 	using sysFont Arial
2.4162 	EXP 	Created unnamed TextStim = TextStim(__class__=<class 'psychopy.visual.text.TextStim'>, alignHoriz='center', alignVert='center', antialias=True, autoLog=True, bold=False, color='black', colorSpace='named', contrast=1.0, depth=0, flipHoriz=False, flipVert=False, font='Arial', fontFiles=[], height=32, italic=False, name='unnamed TextStim', opacity=1.0, ori=0.0, pos=array([-100., -100.]), rgb=array([0., 0., 0.]), text='nie bylo', units='pix', win=Window(...), wrapWidth=1920)
2.4165 	INFO 	using sysFont Arial
2.4170 	EXP 	Created unnamed TextStim = TextStim(__class__=<class 'psychopy.visual.text.TextStim'>, alignHoriz='center', alignVert='center', antialias=True, autoLog=True, bold=False, color='black', colorSpace='named', contrast=1.0, depth=0, flipHoriz=False, flipVert=False, font='Arial', fontFiles=[], height=32, italic=False, name='unnamed TextStim', opacity=1.0, ori=0.0, pos=array([ 100., -100.]), rgb=array([0., 0., 0.]), text='bylo', units='pix', win=Window(...), wrapWidth=1920)
2.4171 	INFO 	Mouse: using default window
2.4180 	INFO 	using sysFont Arial
2.4187 	EXP 	Created unnamed TextStim = TextStim(__class__=<class 'psychopy.visual.text.TextStim'>, alignHoriz='center', alignVert='center', antialias=True, autoLog=True, bold=False, color='black', colorSpace='named', contrast=1.0, depth=0, flipHoriz=False, flipVert=False, font='Arial', fontFiles=[], height=32, italic=False, name='unnamed TextStim', opacity=1.0, ori=0.0, pos=array([0., 0.]), rgb=array([0., 0., 0.]), text='Po treningu', units='pix', win=Window(...), wrapWidth=1920)
3.6286 	INFO 	using sysFont Arial
3.6291 	EXP 	Created unnamed TextStim = TextStim(__class__=<class 'psychopy.visual.text.TextStim'>, alignHoriz='center', alignVert='center', antialias=True, autoLog=True, bold=False, color='black', colorSpace='named', contrast=1.0, depth=0, flipHoriz=False, flipVert=False, font='Arial', fontFiles=[], height=32, italic=False, name='unnamed TextStim', opacity=1.0, ori=0.0, pos=array([  0., 100.]), rgb=array([0., 0., 0.]), text='b', units='pix', win=Window(...), wrapWidth=1920)
3.6301 	EXP 	unnamed TextStim: autoDraw = True
3.6301 	EXP 	unnamed TextStim: autoDraw = True
3.6301 	EXP 	unnamed TextStim: autoDraw = True
4.8982 	EXP 	unnamed TextStim: autoDraw = False
4.8982 	EXP 	unnamed TextStim: autoDraw = False
4.8982 	EXP 	unnamed TextStim: autoDraw = False
5.8998 	INFO 	using sysFont Arial
5.9005 	EXP 	Created unnamed TextStim = TextStim(__class__=<class 'psychopy.visual.text.TextStim'>, alignHoriz='center', alignVert='center', antialias=True, autoLog=True, bold=False, color='black', colorSpace='named', contrast=1.0, depth=0, flipHoriz=False, flipVert=False, font='Arial', fontFiles=[], height=32, italic=False, name='unnamed TextStim', opacity=1.0, ori=0.0, pos=array([  0., 100.]), rgb=array([0., 0., 0.]), text='aa', units='pix', win=Window(...), wrapWidth=1920)
5.9022 	EXP 	unnamed TextStim: autoDraw = True
5.9022 	EXP 	unnamed TextStim: autoDraw = True
5.9022 	EXP 	unnamed TextStim: autoDraw = True
7.0009 	EXP 	unnamed TextStim: autoDraw = False
7.0009 	EXP 	unnamed TextStim: autoDraw = False
7.0009 	EXP 	unnamed TextStim: autoDraw = False
8.0025 	INFO 	using sysFont Arial
8.0032 	EXP 	Created unnamed TextStim = TextStim(__class__=<class 'psychopy.visual.text.TextStim'>, alignHoriz='center', alignVert='center', antialias=True, autoLog=True, bold=False, color='black', colorSpace='named', contrast=1.0, depth=0, flipHoriz=False, flipVert=False, font='Arial', fontFiles=[], height=32, italic=False, name='unnamed TextStim', opacity=1.0, ori=0.0, pos=array([  0., 100.]), rgb=array([0., 0., 0.]), text='a', units='pix', win=Window(...), wrapWidth=1920)
8.0049 	EXP 	unnamed TextStim: autoDraw = True
8.0049 	EXP 	unnamed TextStim: autoDraw = True
8.0049 	EXP 	unnamed TextStim: autoDraw = True
9.7158 	EXP 	unnamed TextStim: autoDraw = False
9.7158 	EXP 	unnamed TextStim: autoDraw = False
9.7158 	EXP 	unnamed TextStim: autoDraw = False
10.7174 	INFO 	using sysFont Arial
10.7181 	EXP 	Created unnamed TextStim = TextStim(__class__=<class 'psychopy.visual.text.TextStim'>, alignHoriz='center', alignVert='center', antialias=True, autoLog=True, bold=False, color='black', colorSpace='named', contrast=1.0, depth=0, flipHoriz=False, flipVert=False, font='Arial', fontFiles=[], height=32, italic=False, name='unnamed TextStim', opacity=1.0, ori=0.0, pos=array([  0., 100.]), rgb=array([0., 0., 0.]), text='bbb', units='pix', win=Window(...), wrapWidth=1920)
10.7198 	EXP 	unnamed TextStim: autoDraw = True
10.7198 	EXP 	unnamed TextStim: autoDraw = True
10.7198 	EXP 	unnamed TextStim: autoDraw = True
11.8447 	EXP 	unnamed TextStim: autoDraw = False
11.8447 	EXP 	unnamed TextStim: autoDraw = False
11.8447 	EXP 	unnamed TextStim: autoDraw = False
12.8463 	INFO 	using sysFont Arial
12.8468 	EXP 	Created unnamed TextStim = TextStim(__class__=<class 'psychopy.visual.text.TextStim'>, alignHoriz='center', alignVert='center', antialias=True, autoLog=True, bold=False, color='black', colorSpace='named', contrast=1.0, depth=0, flipHoriz=False, flipVert=False, font='Arial', fontFiles=[], height=32, italic=False, name='unnamed TextStim', opacity=1.0, ori=0.0, pos=array([  0., 100.]), rgb=array([0., 0., 0.]), text='bb', units='pix', win=Window(...), wrapWidth=1920)
12.8540 	EXP 	unnamed TextStim: autoDraw = True
12.8540 	EXP 	unnamed TextStim: autoDraw = True
12.8540 	EXP 	unnamed TextStim: autoDraw = True
14.9911 	EXP 	unnamed TextStim: autoDraw = False
14.9911 	EXP 	unnamed TextStim: autoDraw = False
14.9911 	EXP 	unnamed TextStim: autoDraw = False
15.9927 	INFO 	using sysFont Arial
15.9932 	EXP 	Created unnamed TextStim = TextStim(__class__=<class 'psychopy.visual.text.TextStim'>, alignHoriz='center', alignVert='center', antialias=True, autoLog=True, bold=False, color='black', colorSpace='named', contrast=1.0, depth=0, flipHoriz=False, flipVert=False, font='Arial', fontFiles=[], height=32, italic=False, name='unnamed TextStim', opacity=1.0, ori=0.0, pos=array([  0., 100.]), rgb=array([0., 0., 0.]), text='aaa', units='pix', win=Window(...), wrapWidth=1920)
15.9948 	EXP 	unnamed TextStim: autoDraw = True
15.9948 	EXP 	unnamed TextStim: autoDraw = True
15.9948 	EXP 	unnamed TextStim: autoDraw = True
17.4765 	EXP 	unnamed TextStim: autoDraw = False
17.4765 	EXP 	unnamed TextStim: autoDraw = False
17.4765 	EXP 	unnamed TextStim: autoDraw = False
18.4773 	INFO 	using sysFont Arial
18.4779 	EXP 	Created unnamed TextStim = TextStim(__class__=<class 'psychopy.visual.text.TextStim'>, alignHoriz='center', alignVert='center', antialias=True, autoLog=True, bold=False, color='black', colorSpace='named', contrast=1.0, depth=0, flipHoriz=False, flipVert=False, font='Arial', fontFiles=[], height=32, italic=False, name='unnamed TextStim', opacity=1.0, ori=0.0, pos=array([0., 0.]), rgb=array([0., 0., 0.]), text='end', units='pix', win=Window(...), wrapWidth=1920)
